info t=2015-07-20T19:13:19.364Z Cinnamon.AppSystem.get_default() started in 187 ms
info t=2015-07-20T19:13:19.644Z loading user theme: /usr/share/themes/PureOS/cinnamon/cinnamon.css
info t=2015-07-20T19:13:19.714Z added icon directory: /usr/share/themes/PureOS/cinnamon
info t=2015-07-20T19:13:19.797Z PlacesManager: Updating devices
info t=2015-07-20T19:13:19.821Z loaded at Mon Jul 20 2015 12:13:19 GMT-0700 (PDT)
info t=2015-07-20T19:13:20.366Z Loaded applet menu@cinnamon.org in 520 ms
info t=2015-07-20T19:13:20.370Z Loaded applet show-desktop@cinnamon.org in 3 ms
info t=2015-07-20T19:13:20.421Z Role locked: panellauncher
info t=2015-07-20T19:13:20.421Z Loaded applet panel-launchers@cinnamon.org in 50 ms
info t=2015-07-20T19:13:20.512Z Role locked: windowlist
info t=2015-07-20T19:13:20.513Z Loaded applet window-list@cinnamon.org in 91 ms
info t=2015-07-20T19:13:20.520Z Role locked: notifications
info t=2015-07-20T19:13:20.523Z Loaded applet notifications@cinnamon.org in 10 ms
info t=2015-07-20T19:13:20.565Z Loaded applet user@cinnamon.org in 42 ms
info t=2015-07-20T19:13:20.571Z Loaded applet removable-drives@cinnamon.org in 6 ms
info t=2015-07-20T19:13:20.673Z Loaded applet keyboard@cinnamon.org in 102 ms
info t=2015-07-20T19:13:20.717Z Loaded applet bluetooth@cinnamon.org in 44 ms
info t=2015-07-20T19:13:20.797Z Loaded applet network@cinnamon.org in 80 ms
info t=2015-07-20T19:13:20.852Z Loaded applet sound@cinnamon.org in 55 ms
info t=2015-07-20T19:13:20.942Z Loaded applet power@cinnamon.org in 90 ms
info t=2015-07-20T19:13:20.948Z Loaded applet systray@cinnamon.org in 5 ms
info t=2015-07-20T19:13:20.962Z Loaded applet calendar@cinnamon.org in 13 ms
info t=2015-07-20T19:13:20.969Z Loaded applet windows-quick-list@cinnamon.org in 6 ms
info t=2015-07-20T19:13:20.970Z AppletManager.init() started in 1149 ms
info t=2015-07-20T19:13:20.971Z Cinnamon took 1992 ms to start
