info t=2015-07-11T21:38:10.426Z loading default theme
info t=2015-07-11T21:38:10.573Z loaded at Sat Jul 11 2015 14:38:10 GMT-0700 (PDT)
info t=2015-07-11T21:38:11.550Z Loaded applet menu@cinnamon.org in 974 ms
info t=2015-07-11T21:38:11.557Z Loaded applet show-desktop@cinnamon.org in 5 ms
info t=2015-07-11T21:38:11.575Z Role locked: panellauncher
info t=2015-07-11T21:38:11.589Z Loaded applet panel-launchers@cinnamon.org in 31 ms
info t=2015-07-11T21:38:11.598Z Role locked: windowlist
info t=2015-07-11T21:38:11.599Z Loaded applet window-list@cinnamon.org in 7 ms
info t=2015-07-11T21:38:11.608Z Role locked: notifications
info t=2015-07-11T21:38:11.612Z Loaded applet notifications@cinnamon.org in 12 ms
info t=2015-07-11T21:38:11.634Z Loaded applet user@cinnamon.org in 21 ms
info t=2015-07-11T21:38:11.642Z Loaded applet removable-drives@cinnamon.org in 6 ms
info t=2015-07-11T21:38:11.671Z Loaded applet keyboard@cinnamon.org in 28 ms
info t=2015-07-11T21:38:11.714Z Loaded applet bluetooth@cinnamon.org in 41 ms
info t=2015-07-11T21:38:11.763Z Loaded applet network@cinnamon.org in 47 ms
info t=2015-07-11T21:38:11.809Z Loaded applet sound@cinnamon.org in 45 ms
info t=2015-07-11T21:38:11.821Z Loaded applet power@cinnamon.org in 11 ms
info t=2015-07-11T21:38:11.827Z Loaded applet systray@cinnamon.org in 4 ms
info t=2015-07-11T21:38:11.842Z Loaded applet calendar@cinnamon.org in 14 ms
info t=2015-07-11T21:38:11.849Z Loaded applet windows-quick-list@cinnamon.org in 6 ms
info t=2015-07-11T21:43:08.683Z Loaded extension gTile@shuairan in 42 ms
